2020-04-16 02:27:22:   <-- GET /api/blog/list
2020-04-16 02:27:22: GET /api/blog/list - 120ms
2020-04-16 02:27:22:   --> GET /api/blog/list 200 166ms 618b
2020-04-22 21:29:23:   <-- POST /api/PCA/postFile
2020-04-22 21:29:23: 开始上传数据...
2020-04-22 21:29:23: 开始修改日志...
2020-04-22 21:29:23: 开始处理数据...
2020-04-22 21:29:23: POST /api/PCA/postFile - 67ms
2020-04-22 21:29:23:   --> POST /api/PCA/postFile 200 104ms 12b
2020-04-22 21:29:23: 执行完毕，退出码： 2
2020-04-22 21:29:23: 执行失败
2020-04-22 21:33:01:   <-- POST /api/PCA/postFile
2020-04-22 21:33:01: 开始上传数据...
2020-04-22 21:33:01: 开始修改日志...
2020-04-22 21:33:01: 开始处理数据...
2020-04-22 21:33:01: POST /api/PCA/postFile - 10ms
2020-04-22 21:33:01:   --> POST /api/PCA/postFile 200 12ms 12b
2020-04-22 21:33:01: 执行完毕，退出码： 2
2020-04-22 21:33:01: 执行失败
2020-04-22 22:12:02:   <-- POST /api/PCA/postFile
2020-04-22 22:12:02: 开始上传数据...
2020-04-22 22:12:02: 开始修改日志...
2020-04-22 22:12:02: 开始处理数据...
2020-04-22 22:12:03: POST /api/PCA/postFile - 477ms
2020-04-22 22:12:03:   --> POST /api/PCA/postFile 200 571ms 12b
2020-04-22 22:12:04: 执行完毕，退出码： 2
2020-04-22 22:12:04: 执行失败
2020-04-22 22:55:03:   <-- POST /api/PCA/postFile
2020-04-22 22:55:03: 开始上传数据...
2020-04-22 22:55:03: 开始修改日志...
2020-04-22 22:55:03: 开始处理数据...
2020-04-22 22:55:03: POST /api/PCA/postFile - 81ms
2020-04-22 22:55:03:   --> POST /api/PCA/postFile 200 118ms 12b
2020-04-22 22:55:03: 执行完毕，退出码： 2
2020-04-22 22:55:03: 执行失败
2020-04-22 22:56:20:   <-- POST /api/PCA/postFile
2020-04-22 22:56:20: 开始上传数据...
2020-04-22 22:56:20: 开始修改日志...
2020-04-22 22:56:20: 开始处理数据...
2020-04-22 22:56:20: POST /api/PCA/postFile - 63ms
2020-04-22 22:56:20:   --> POST /api/PCA/postFile 200 83ms 12b
2020-04-22 22:56:20: 执行完毕，退出码： 2
2020-04-22 22:56:20: 执行失败
2020-04-22 22:57:38:   <-- POST /api/PCA/postFile
2020-04-22 22:57:38: 开始上传数据...
2020-04-22 22:57:38: 开始修改日志...
2020-04-22 22:57:38: 开始处理数据...
2020-04-22 22:57:38: POST /api/PCA/postFile - 97ms
2020-04-22 22:57:38:   --> POST /api/PCA/postFile 200 165ms 12b
2020-04-22 22:57:39: 执行完毕，退出码： 2
2020-04-22 22:57:39: 执行失败
2020-04-22 22:59:06:   <-- POST /api/PCA/postFile
2020-04-22 22:59:06: 开始上传数据...
2020-04-22 22:59:06: 开始修改日志...
2020-04-22 22:59:06: 开始处理数据...
2020-04-22 22:59:06: POST /api/PCA/postFile - 21ms
2020-04-22 22:59:06:   --> POST /api/PCA/postFile 200 31ms 12b
2020-04-22 22:59:06: 执行完毕，退出码： 2
2020-04-22 22:59:06: 执行失败 python: can't open file '../py/support.py': [Errno 2] No such file or directory

2020-04-22 23:00:00:   <-- POST /api/PCA/postFile
2020-04-22 23:00:00: 开始上传数据...
2020-04-22 23:00:00: 开始修改日志...
2020-04-22 23:00:00: 开始处理数据...
2020-04-22 23:00:00: POST /api/PCA/postFile - 20ms
2020-04-22 23:00:00:   --> POST /api/PCA/postFile 200 28ms 12b
2020-04-22 23:00:00: 执行完毕，退出码： 0
2020-04-22 23:00:00: 输出： D:\lyh\TomoyoServer

2020-04-22 23:00:00: 错误： 
2020-04-22 23:17:59:   <-- POST /api/PCA/postFile
2020-04-22 23:17:59: 开始上传数据...
2020-04-22 23:17:59: 开始修改日志...
2020-04-22 23:17:59: 开始处理数据...
2020-04-22 23:17:59: POST /api/PCA/postFile - 21ms
2020-04-22 23:17:59:   --> POST /api/PCA/postFile 200 28ms 12b
2020-04-22 23:18:12: 执行完毕，退出码： 1
2020-04-22 23:18:12: 执行失败 Traceback (most recent call last):
  File "./py/PCA PLSR.py", line 116, in <module>
    X_train, X_test, y_train, y_test = import_dataset(status)
  File "./py/PCA PLSR.py", line 30, in import_dataset
    oct_df = pandas.read_excel(path+"4.3.xlsx")
  File "C:\Users\Administrator\AppData\Local\Programs\Python\Python38\lib\site-packages\pandas\io\excel\_base.py", line 304, in read_excel
    io = ExcelFile(io, engine=engine)
  File "C:\Users\Administrator\AppData\Local\Programs\Python\Python38\lib\site-packages\pandas\io\excel\_base.py", line 824, in __init__
    self._reader = self._engines[engine](self._io)
  File "C:\Users\Administrator\AppData\Local\Programs\Python\Python38\lib\site-packages\pandas\io\excel\_xlrd.py", line 21, in __init__
    super().__init__(filepath_or_buffer)
  File "C:\Users\Administrator\AppData\Local\Programs\Python\Python38\lib\site-packages\pandas\io\excel\_base.py", line 353, in __init__
    self.book = self.load_workbook(filepath_or_buffer)
  File "C:\Users\Administrator\AppData\Local\Programs\Python\Python38\lib\site-packages\pandas\io\excel\_xlrd.py", line 36, in load_workbook
    return open_workbook(filepath_or_buffer)
  File "C:\Users\Administrator\AppData\Local\Programs\Python\Python38\lib\site-packages\xlrd\__init__.py", line 111, in open_workbook
    with open(filename, "rb") as f:
FileNotFoundError: [Errno 2] No such file or directory: '../py/4.3.xlsx'

2020-04-22 23:19:18:   <-- POST /api/PCA/postFile
2020-04-22 23:19:18: 开始上传数据...
2020-04-22 23:19:18: 开始修改日志...
2020-04-22 23:19:18: 开始处理数据...
2020-04-22 23:19:18: POST /api/PCA/postFile - 32ms
2020-04-22 23:19:18:   --> POST /api/PCA/postFile 200 47ms 12b
2020-04-22 23:20:18: 执行完毕，退出码： 1
2020-04-22 23:20:18: 执行失败 Traceback (most recent call last):
  File "./py/PCA PLSR.py", line 124, in <module>
    predictions.to_excel(path+'pca_test.xlsx',encoding='utf-8', index=True, header=True)
NameError: name 'path' is not defined

2020-04-23 01:14:28:   <-- POST /api/user/login
2020-04-23 01:14:28:   <-- POST /api/user/login
2020-04-23 01:14:29: 'd4f795c63f94933cced4701da532492b'
2020-04-23 01:14:29: sql is: 
    select username,realname from users where username='Tomoyo' and password='d4f795c63f94933cced4701da532492b';
2020-04-23 01:14:29: 'd4f795c63f94933cced4701da532492b'
2020-04-23 01:14:29: sql is: 
    select username,realname from users where username='Tomoyo' and password='d4f795c63f94933cced4701da532492b';
2020-04-23 01:14:31:   <-- POST /api/user/login
2020-04-23 01:14:31: 'd4f795c63f94933cced4701da532492b'
2020-04-23 01:14:31: sql is: 
    select username,realname from users where username='Tomoyo' and password='d4f795c63f94933cced4701da532492b';
2020-04-23 01:14:32: POST /api/user/login - 3762ms
2020-04-23 01:14:32:   --> POST /api/user/login 200 3,956ms 11b
2020-04-23 01:14:32: POST /api/user/login - 3315ms
2020-04-23 01:14:32:   --> POST /api/user/login 200 3,317ms 11b
2020-04-23 01:14:32: POST /api/user/login - 509ms
2020-04-23 01:14:34:   <-- GET /api/blog/list?isadmin=1
2020-04-23 01:14:34: is admin
2020-04-23 01:14:34: GET /api/blog/list?isadmin=1 - 267ms
2020-04-23 01:14:34:   --> GET /api/blog/list?isadmin=1 200 431ms 50.17kb
2020-04-23 01:15:08:   <-- POST /api/PCA/postFile
2020-04-23 01:15:08: 开始上传数据...
2020-04-23 01:15:08: 开始修改日志...
2020-04-23 01:15:08: 开始处理数据...
2020-04-23 01:15:08: POST /api/PCA/postFile - 122ms
2020-04-23 01:15:08:   --> POST /api/PCA/postFile 200 122ms 12b
2020-04-23 01:15:39: 执行完毕，退出码： 0
2020-04-23 01:15:39: 输出： [386875.70869743 411957.00662901 245858.42818829 143953.99159295
 158522.870232   232079.10905719 254904.88705675 366076.34460321
  70055.01183997 110406.65402017  75793.38298812 398927.03794152] [ 79145.71978033 328749.66092544 359045.09251272 334803.23331013
 112661.93170788 365224.42344306 330599.22787302 348341.81938504
 116778.92691398 107261.19374672 349852.99150017 305578.91179057
 123320.25213004 135785.25542912 368532.37892691 352626.28676561
 304961.61692872 376067.6622043  148499.01573291 105564.90169518
 119876.57617063 132493.42292754 274553.01339197 453012.21219699
 155531.48942021 175832.47385856  85570.66069243 173331.4749443
  91401.84356854  69336.09937085  59247.74836179 227721.87409581
 108481.10148285  61791.92381794 224775.92937035 130942.10400321
  73164.40404282  67138.58020068 216996.86447804 429306.72816477
 240409.07512312  76503.86617369 137849.62838932 198579.21599163
 239627.02653383 215982.32847182 321205.04360987 400674.78844458]
[[377677.56187314]
 [418204.32266588]
 [240260.55796765]
 [140207.41165154]
 [145726.85748642]
 [241337.55071814]
 [241411.74367385]
 [364353.05397357]
 [ 47734.47369151]
 [120868.122779  ]
 [122760.75915044]
 [373279.29708394]] [[ 75501.5550857 ]
 [291624.91632532]
 [349832.84803946]
 [370125.37398864]
 [116897.31928605]
 [376266.93924205]
 [324288.71483336]
 [387366.03106628]
 [110886.95711807]
 [104184.36697005]
 [359035.76207574]
 [354820.33778909]
 [114107.45440133]
 [123241.19156532]
 [345372.19492699]
 [367246.28432566]
 [323238.38654607]
 [333703.34244295]
 [147813.86675765]
 [107150.64915509]
 [121967.86596986]
 [126320.88487459]
 [283661.35347203]
 [426439.50670222]
 [133268.82204895]
 [176619.96025201]
 [ 88984.34620277]
 [168750.2891375 ]
 [ 86568.69147349]
 [ 75594.89236257]
 [ 62300.01516254]
 [148157.12589793]
 [116500.15576775]
 [ 66115.03231783]
 [253793.19188204]
 [134298.44773877]
 [ 86484.32420157]
 [ 66521.72013981]
 [184148.8547159 ]
 [492238.78354369]
 [248768.06635493]
 [ 72845.14174901]
 [177238.89810389]
 [181061.05516508]
 [270490.09406051]
 [197789.84773246]
 [349237.76886964]
 [335850.37215984]]

2020-04-23 01:15:39: 错误： 
2020-04-23 01:20:56:   <-- GET /api/blog/list?isadmin=1
2020-04-23 01:20:56: is admin
2020-04-23 01:20:57: GET /api/blog/list?isadmin=1 - 211ms
2020-04-23 01:20:57:   --> GET /api/blog/list?isadmin=1 200 238ms 50.17kb
2020-04-23 01:21:04:   <-- POST /api/PCA/postFile
2020-04-23 01:21:04: 开始上传数据...
2020-04-23 01:21:04: 开始修改日志...
2020-04-23 01:21:04: 开始处理数据...
2020-04-23 01:21:04: POST /api/PCA/postFile - 64ms
2020-04-23 01:21:04:   --> POST /api/PCA/postFile 200 65ms 12b
2020-04-23 01:21:30: 执行完毕，退出码： 0
2020-04-23 01:21:30: 输出： [336131.37739944 313419.59617884 114681.98711707 109191.15220547
  87805.53772463  97931.51773059  59015.10882075  86887.63359235
 127065.98951056  53067.66921473 417133.70155696 132012.28931449] [104497.13217638 366093.83873413 124604.23197376 318622.6139848
 440287.18196776 112791.71364524 271999.5563267  290742.9671238
  98036.92923137 361932.68153092 369920.33904742 126117.64076302
  59362.53681025 195508.15750415 360905.27515076  54131.18731855
  78985.04427861 222436.70718763 352189.53252329  85775.8123256
 338444.67918011 238965.70305933 352063.25610697 106956.34052878
 359784.14298418 126129.61493512  61566.36851104 254031.80416382
 208138.12172949 354197.29773252 344584.08372967 104141.0990836
 349117.86489305 171417.90047233 245498.3432112  298989.01955146
 264010.09359696  60390.69437922 238859.50582865 275222.76610777
 115960.46538432 235815.21553877 444663.66385414 300482.71196011
 127508.1349922  141570.45966868 387338.66573618 135318.40347619]
[[324756.63134404]
 [314304.58408458]
 [111493.62477072]
 [103025.93968165]
 [103825.83655966]
 [ 70620.16364458]
 [ 65117.77800332]
 [ 54429.22228697]
 [157548.16844822]
 [ 35009.37835168]
 [441438.0935588 ]
 [139156.77817378]] [[116916.28706985]
 [376271.8416661 ]
 [121986.28395932]
 [349847.68105438]
 [426403.20715014]
 [114220.08599945]
 [283664.16238889]
 [354817.95399619]
 [107163.65712413]
 [345361.51078553]
 [333725.03922163]
 [104162.57193425]
 [ 66114.78005412]
 [176625.69756838]
 [361080.72389185]
 [ 62300.03642241]
 [ 72812.55021861]
 [197776.40841075]
 [387393.4227875 ]
 [ 69162.9811743 ]
 [324315.15911771]
 [184153.72566439]
 [370128.86449651]
 [104753.28052318]
 [367206.81077339]
 [123250.02581115]
 [ 75626.75619311]
 [270472.90126645]
 [181021.54945727]
 [298832.38611645]
 [359011.85778314]
 [114060.47395841]
 [323340.06893078]
 [168748.67148836]
 [148162.4794413 ]
 [346901.81447428]
 [282386.22639248]
 [ 66528.82628207]
 [278327.723273  ]
 [248764.97733767]
 [177262.86235499]
 [253807.49198069]
 [492264.98172494]
 [323182.68362466]
 [126309.91957599]
 [121175.55088016]
 [361808.01530368]
 [116478.03289598]]

2020-04-23 01:21:30: 错误： 
2020-04-23 01:26:10:   <-- POST /api/PCA/postFile
2020-04-23 01:26:10: 开始上传数据...
2020-04-23 01:26:10: 开始修改日志...
2020-04-23 01:26:10: 开始处理数据...
2020-04-23 01:26:10: POST /api/PCA/postFile - 75ms
2020-04-23 01:26:10:   --> POST /api/PCA/postFile 200 76ms 12b
2020-04-23 01:26:15: 执行完毕，退出码： 0
2020-04-23 01:26:15: 输出： [142916.71829896  81508.1698424   97393.30448068 340009.6774942
 324464.44025468 130765.92265997 128691.7852174  254980.90882236
 316811.09585004  69607.78684036 270615.56026322  94412.97845745] [206399.50734402 318621.62336657 343482.9675808  343337.92167111
 445301.18694595 297683.28582482 121068.39190512 366838.18216924
 167888.01741245 263851.35522806  98366.51816916 367214.5328737
 267053.30895847  98412.83985085 345063.90243961 349409.0883503
 137787.17867708 138951.03852641 332570.78537982 339190.60593765
 110229.29840135 338758.42903673 103200.05495515 152216.11617378
 298872.91079201 123693.1583572  353506.72748373  64359.10012066
 247014.53687877 123937.96957514 114211.73459299  86901.98454153
  69317.27984538 341598.04976554 133222.66275808  64787.42267609
 296463.07502359 255892.05149149 329012.28173587  71891.11571932
 123174.9498562  381309.97349259  75479.92548134 123784.1256169
 225386.26769891 271026.15246752 452695.11084492 248138.79600605]
[[144877.31016336]
 [ 61940.05242782]
 [108302.77692538]
 [345562.68965108]
 [325660.51840224]
 [157230.97436773]
 [133924.70667884]
 [252096.2039945 ]
 [315335.54760242]
 [ 73633.93011678]
 [253878.65232672]
 [154919.17951926]] [[181064.58434603]
 [349235.90876032]
 [298775.87890998]
 [367260.97266501]
 [492241.71863099]
 [346894.14157104]
 [116492.49169952]
 [333698.1707047 ]
 [168763.96976927]
 [248761.61588715]
 [110904.71102375]
 [361770.07773837]
 [278343.17883867]
 [ 86478.12708298]
 [387370.94383529]
 [376275.91235769]
 [114233.55552321]
 [147794.26939603]
 [324287.00873647]
 [359017.19908036]
 [116895.52196244]
 [370121.91419139]
 [114097.47956609]
 [121171.82931165]
 [283658.7293124 ]
 [126329.843325  ]
 [345380.44972756]
 [ 66127.59352314]
 [253792.13378427]
 [134282.35887331]
 [104181.44897847]
 [ 88992.01478622]
 [ 66518.32687425]
 [323348.21899263]
 [121963.91332795]
 [ 86571.50711632]
 [354817.10267288]
 [270506.3587225 ]
 [291606.02876785]
 [ 75509.57289806]
 [104746.71498723]
 [335864.22305467]
 [ 75586.24736049]
 [177251.63733582]
 [176616.67509981]
 [282342.86026091]
 [426445.39601925]
 [184163.46261069]]

2020-04-23 01:26:15: 错误： 
2020-04-23 01:28:33:   <-- POST /api/PCA/postFile
2020-04-23 01:28:33: 开始上传数据...
2020-04-23 01:28:33: 开始修改日志...
2020-04-23 01:28:33: 开始处理数据...
2020-04-23 01:28:33: POST /api/PCA/postFile - 30ms
2020-04-23 01:28:33:   --> POST /api/PCA/postFile 200 128ms 12b
2020-04-23 01:28:54: 执行完毕，退出码： 0
2020-04-23 01:28:54: 输出： [255459.64160129 304403.61109691 135587.93538122  56000.53913537
 146383.63856372 342954.84061493 289443.06753893 124030.389059
 239404.34986292 143322.45880961 329850.58758883 211474.85925642] [ 81772.41016693 257271.75137319 346700.92268016 232998.1531815
 125534.3865749   63994.15709667 292247.3275935  341580.27834554
 184772.08873614 132998.50589141 436990.58135103 114775.08196166
  82297.27229654 131437.65639184 340936.04737684 121804.10697963
  66197.69692563 276647.28194333 114065.28077891 359513.85326715
 207698.05329719 273828.01903511 343987.70857424  64853.0623669
 318513.44333096  77737.00811593  72292.54001525 240672.85900886
 352554.55289449 104213.70603114 291064.22478795 311138.0333365
 109832.99268159 103465.24506368 341992.69258255  96913.32470539
 114834.06163559  92938.48062267 161447.77200707 146847.57061526
 452285.90322832 364094.19538744 347488.55348177 328091.55182172
  65507.14898005 388894.21477447 325454.26907422 232071.97163117]
[[241467.3250944 ]
 [311059.1000386 ]
 [153121.5229843 ]
 [ 63923.36967243]
 [139998.47067339]
 [346822.16114358]
 [277003.64303541]
 [120663.8070123 ]
 [237397.46375909]
 [107187.27931232]
 [343795.7125567 ]
 [225250.6939263 ]] [[ 72831.43023877]
 [270503.44637835]
 [298786.51670533]
 [184145.92527567]
 [134297.1327877 ]
 [ 75501.81821947]
 [283655.4157709 ]
 [376272.69944185]
 [168762.36128729]
 [177255.6355846 ]
 [492235.15345311]
 [104759.24818327]
 [ 85922.1918309 ]
 [133272.69318909]
 [323337.14384644]
 [116888.36305685]
 [ 86566.60316696]
 [282333.52096271]
 [114104.26264129]
 [333686.54446997]
 [176618.46665982]
 [248762.06919746]
 [387374.32011245]
 [ 66119.67102568]
 [349847.01108352]
 [ 69143.50954326]
 [ 66515.76165743]
 [197799.29266967]
 [345368.50238726]
 [121956.29493618]
 [346891.87116548]
 [323221.44688618]
 [116477.76068822]
 [110889.60316548]
 [370105.49337487]
 [ 86494.55067364]
 [107166.89633232]
 [ 88992.31506757]
 [121173.73427927]
 [147793.53068598]
 [426450.51333654]
 [361785.68463773]
 [367246.91246445]
 [359039.64156203]
 [ 75601.86241   ]
 [335859.08670341]
 [291617.8170177 ]
 [253799.2737858 ]]

2020-04-23 01:28:54: 错误： 
2020-04-23 01:31:29:   <-- POST /api/PCA/postFile
2020-04-23 01:31:29: 开始上传数据...
2020-04-23 01:31:29: 开始修改日志...
2020-04-23 01:31:29: 开始处理数据...
2020-04-23 01:31:29: POST /api/PCA/postFile - 24ms
2020-04-23 01:31:29:   --> POST /api/PCA/postFile 200 61ms 12b
2020-04-23 01:31:35: 执行完毕，退出码： 0
2020-04-23 01:31:35: 输出： [110007.49353344 464438.47416885 373139.47424439 285170.89688075
  76770.25402211 342665.82556886 116985.66160364  71570.47290037
  71598.95181801 329691.98497664  96129.4514673  241225.85203583] [100130.83167706  78290.06696211 108587.37364936 131853.06393368
 173039.50106076 246756.03722274 103372.01329809  75468.57537463
 314468.40971185 249832.63477943 319107.69185168 236587.70669951
 311067.77928043 112912.47612478  60344.52900458 126100.99533044
 342786.39913285 295846.1133995   70950.44055497 117367.56112703
 263224.97891267 119398.58017566 258890.688991    60818.41475075
 238677.33836981 337116.92020959 383079.11773462 236054.99748787
 341555.70259139 169260.50145978 454452.94848648 114380.19527264
  55220.77554742 186810.04677674 347790.2801261  325129.93967187
 346864.9872552   83823.84298792 124725.95174654 319243.05953882
  98548.95451083 127247.51252353 355159.34393594 194767.17733618
 111832.99579229 388072.62549667 303952.33653715 352589.08559903]
[[ 83860.01062657]
 [480523.78065711]
 [388816.10792262]
 [284269.78021575]
 [122132.3867984 ]
 [336802.57604105]
 [111212.18217332]
 [ 81374.18993379]
 [ 69288.52102953]
 [328299.49222132]
 [ 97273.71170775]
 [229751.04562558]] [[ 86480.38149119]
 [ 89000.65282903]
 [121961.24114493]
 [134292.53154456]
 [168761.8081137 ]
 [278350.04535577]
 [104743.36263582]
 [ 75594.12248348]
 [323220.197685  ]
 [148158.58214979]
 [291612.40576785]
 [270510.15113178]
 [349231.05111719]
 [116486.57436072]
 [ 86571.37556125]
 [114235.9100113 ]
 [387381.13882766]
 [283664.72144232]
 [ 66523.70883846]
 [123243.72955322]
 [282349.98139261]
 [107153.13149247]
 [248761.9150103 ]
 [ 66117.99719904]
 [253798.45384835]
 [359034.3094138 ]
 [361775.32372935]
 [184146.36260331]
 [367242.79984517]
 [121174.41062639]
 [492237.25137709]
 [133272.1771434 ]
 [ 62303.86147536]
 [181045.96796518]
 [323350.52230306]
 [349823.92800769]
 [376274.42375132]
 [ 72837.45717935]
 [104189.44976801]
 [324309.3613657 ]
 [114104.72406755]
 [147807.00230725]
 [345370.5405408 ]
 [176602.80963458]
 [116895.83960926]
 [335858.48166174]
 [346892.80403472]
 [298788.02060219]]

2020-04-23 01:31:35: 错误： 
2020-04-23 01:31:35: 关闭： 0
2020-04-23 10:32:21:   <-- POST /api/PCA/postFile
2020-04-23 10:32:21: 开始上传数据...
2020-04-23 10:32:21: 开始修改日志...
2020-04-23 10:32:21: 开始处理数据...
2020-04-23 10:32:43: 输出： [370131.27352163  98630.84554081  88519.35894732 111119.94308916
 263776.52596252  71843.87811764  46736.32304354 245448.07573006
 302543.12206084 328361.84581476 255697.84160941 262637.81238491] [125698.77464971 349113.78496077 354725.9696977  138227.39855584
 137166.67672879 448023.92815523 360468.63365316 107096.20087895
 358336.45868935 356060.87154135 210450.41246405 205391.11469519
  83693.38190952  90228.17297753 315048.20796239 127143.57541842
 352357.76660694 122632.10031646  65999.14544537 265025.83303813
 117660.46051053  83535.3028945  302757.45113026  62508.31665544
 176267.42750221 331782.37270331 141889.98559422 112850.56141179
 236887.63161216 254747.44412994 125245.80562742  95160.62501133
 250394.22328512 114237.56579576 395695.14406034 448564.66889236
 118858.47395385 143724.20729483 342840.89495083 329095.99634855
  54133.69468976 121504.73042668 340061.77079709 286869.93798325
 350398.56271416 262329.69612113  70822.44374942 322494.69580887]
[[400357.67880971]
 [108735.71684077]
 [139769.33800808]
 [124535.55227749]
 [249517.55154333]
 [ 79866.61808951]
 [ 47379.19607358]
 [257909.08793023]
 [297041.53537739]
 [318899.30222628]
 [240557.99846586]
 [248442.50195284]] [[177238.62196856]
 [359027.60694392]
 [333697.59015277]
 [121168.62181887]
 [147796.79919021]
 [426443.80642604]
 [376274.24752467]
 [134296.33840784]
 [298770.64187563]
 [345380.27228998]
 [176596.73987822]
 [181069.50250428]
 [ 72828.25503672]
 [ 88992.03866636]
 [349228.81931889]
 [104730.73929167]
 [323383.81425667]
 [126326.99512047]
 [ 75597.98975035]
 [282329.6258457 ]
 [116486.35181358]
 [ 85921.61967144]
 [354814.23463595]
 [ 66113.24078613]
 [168755.62780137]
 [370094.99456521]
 [114229.43557559]
 [116914.10963857]
 [197807.38448127]
 [253804.70910219]
 [114107.27024766]
 [ 86490.54293723]
 [248759.73618326]
 [110909.2205483 ]
 [335835.18519866]
 [492228.70645088]
 [107145.73421459]
 [123234.0311829 ]
 [367254.78729452]
 [349831.44431393]
 [ 62304.89857734]
 [133271.18858824]
 [387387.63718283]
 [283658.84033182]
 [361120.22237376]
 [278353.66572883]
 [ 86560.43466024]
 [291616.67964592]]

2020-04-23 10:32:43: 错误： 
2020-04-23 10:32:43: POST /api/PCA/postFile - 22683ms
2020-04-23 10:32:43:   --> POST /api/PCA/postFile 200 23s 12b
2020-04-23 10:57:01:   <-- POST /api/PCA/postFile
2020-04-23 10:57:01: 开始上传数据...
2020-04-23 10:57:01: 开始修改日志...
2020-04-23 10:57:01: 开始处理数据...
2020-04-23 10:57:29: 输出： [252786.90568624 161282.45243049 335035.7022873  406519.59321732
 260325.44397171 238775.49657428 119950.46822023 261002.85963917
 341978.09523567 106346.35227278 124403.67443262 345257.65553718] [ 70826.06609737 117808.60948967 376856.54891087 120465.6025484
 346675.94425366 134673.53411698 314464.66751286 126273.73948699
 136680.82921963  70475.07644668 349043.3241132   79210.71250616
  99163.42771128 126890.32762316 122918.85374563 206529.39542581
 112105.54427191 302664.92413917  99732.33659923 371617.89607233
  99591.75500252 451743.24279254 254974.20390126 364161.53918763
  86967.43198067  64245.94941329  64894.20602064 144252.95124908
 254057.85507166 317156.18102497 356177.59685857 302704.64720503
 147567.99030076 200438.57953648 288871.27558747 330395.13013826
  62661.56971666  59043.51641785 242037.60609305  82671.9424364
 355932.00043271 242569.40254939 356406.93046654 456705.70871575
 357584.11474285  84083.79139036 127166.01807353 255203.00340308]
[[263812.03581802]
 [175445.37002928]
 [342098.70825957]
 [413100.35972781]
 [252326.24585688]
 [224791.24866754]
 [115843.01847373]
 [246401.42651297]
 [343607.65367296]
 [119114.08262148]
 [131987.23996524]
 [348870.58082712]] [[ 86557.97163857]
 [134293.0390077 ]
 [361768.69089027]
 [104761.67371871]
 [387402.17619326]
 [121161.33624262]
 [349238.54353292]
 [114103.88938091]
 [147797.44135186]
 [ 75509.32212395]
 [323332.57689387]
 [ 72829.86028097]
 [104191.37604082]
 [126334.57024936]
 [121972.29831932]
 [176607.64513576]
 [110882.09559231]
 [323222.09731933]
 [107141.28323418]
 [376269.5928945 ]
 [ 86499.06423496]
 [492249.65551615]
 [278356.37653442]
 [333707.18832804]
 [ 69139.2171525 ]
 [ 62297.94897321]
 [ 75599.25724466]
 [123249.85409976]
 [248771.79661534]
 [349810.71522068]
 [361112.44907142]
 [354797.99244754]
 [114234.41879148]
 [181050.34085838]
 [283663.36055167]
 [324309.09503008]
 [ 66513.56232917]
 [ 66134.44570864]
 [184154.59743331]
 [ 85908.42285228]
 [345366.04104933]
 [253794.733384  ]
 [298805.73441034]
 [426439.39129392]
 [367241.11397631]
 [ 88986.13487757]
 [177249.94211764]
 [270505.66985595]]

2020-04-23 10:57:29: 错误： 
2020-04-23 10:57:29: POST /api/PCA/postFile - 28452ms
2020-04-23 10:57:29:   --> POST /api/PCA/postFile 200 28s 12b
2020-04-23 11:24:49:   <-- POST /api/PCA/postFile
2020-04-23 11:24:49: 开始上传数据...
2020-04-23 11:24:49: 开始修改日志...
2020-04-23 11:24:49: 开始处理数据...
2020-04-23 11:25:14: 输出： [241958.54133324  52619.62259525 332284.10464954  91792.11463222
  96508.81927356  77062.5852133  199243.22853022 358660.20474764
 370626.38075206 101922.7993181  242690.20681168 248398.42539786] [352711.48408351 131009.71218007  74020.50122569 347003.56889114
 260292.99573521  73421.25857966 446383.2951945   55022.4576587
 290838.42795058  66776.61495109 437783.15230098  94319.06274408
 314310.14845088 126118.4720465   61178.34801907  73821.80315669
 121136.5604817  282908.20450677 250727.94047729 303557.77040254
 201079.65775623 346266.39650182 120403.58785738  94501.76810994
 140538.06282026 247465.7597755  237212.89318027 337776.59108985
 116532.84631137 117450.62233486 186640.13502845 326983.55147151
 390225.91521708  82806.08308528 125081.7892368  163889.05341605
 133164.41189586 316095.40837819 362091.2167295  348641.81767116
 123610.97470846  97645.17774805 101537.82548576 365153.63304137
 338938.95851325 389702.23060222 264322.06617895 317904.78681794]
[[260784.61152179]
 [ 22875.03621072]
 [333456.59645348]
 [ 87564.53198629]
 [109007.81755737]
 [125266.4382127 ]
 [198920.61985954]
 [353573.18037265]
 [381533.34988561]
 [123891.80280802]
 [235783.33653929]
 [248809.31822926]] [[376276.72688969]
 [123258.70526959]
 [ 66524.1166418 ]
 [359063.48237528]
 [248786.49199647]
 [ 86479.69410365]
 [426460.94476249]
 [ 62308.67307009]
 [354831.85501868]
 [ 75502.8740199 ]
 [492219.43974051]
 [ 89000.10351757]
 [323264.83295682]
 [107164.56211723]
 [ 66131.88628764]
 [ 75594.59275699]
 [177223.0473979 ]
 [283678.72432388]
 [278325.33982722]
 [346877.02089019]
 [181097.85452075]
 [387341.90369274]
 [116469.60816731]
 [ 85926.61649024]
 [147790.0453558 ]
 [148130.89882982]
 [197763.8517312 ]
 [349849.917431  ]
 [126318.49820562]
 [104168.20458042]
 [168753.53239911]
 [324247.13668192]
 [335832.5596016 ]
 [ 72820.08038354]
 [134305.34807762]
 [121186.00389739]
 [114232.03688095]
 [291619.92500276]
 [345401.87173503]
 [361113.07672597]
 [133255.35266867]
 [114091.9549003 ]
 [116911.87768386]
 [298774.53863355]
 [367254.71744335]
 [361779.75192034]
 [282344.22260642]
 [349232.49978913]]

2020-04-23 11:25:14: 错误： 
2020-04-23 11:25:14: POST /api/PCA/postFile - 24966ms
2020-04-23 11:25:14:   --> POST /api/PCA/postFile 200 25s 12b
2020-04-23 11:37:43:   <-- POST /api/PCA/postFile
2020-04-23 11:37:44: 开始上传数据...
2020-04-23 11:37:44: 开始修改日志...
2020-04-23 11:37:44: 开始处理数据...
2020-04-23 11:38:03: 输出： [296988.57958329  86403.98333929 117851.48426916 253880.60494013
  91994.9345328  212044.8301042   84504.59165182 385406.03977164
  49841.46947222 101870.94270525  95586.10630815 234217.01860141] [354013.64879752 380639.77919005 136668.74691804 350592.19878955
 344261.14956167 318152.83490751  92751.7978644  393474.1655564
  93613.42893183 252670.83669197 351251.12969647 137525.03650793
 337964.67631619 264764.91328729  52984.93628607 246639.32638727
 177134.96651192  99270.86553485 118809.1757623  308304.67811597
 274063.77911442 133581.90143017  71543.60199602 112035.8163031
 365081.82383328 430359.7341377  100689.09484251  84809.9201909
 442621.68867161 239836.57491272 134851.79532644 138689.07469404
 125265.57844031 334143.72880565 346588.1227591  354518.71242601
 125876.49334803 249440.68985743 112810.55953731 196472.06184571
 130616.49639674 324571.91907894 349913.21543863 375735.02236938
 109787.49557391 112499.58266848 221576.38080233 247869.84358393]
[[301086.86327021]
 [ 81852.76688261]
 [ 91979.23810549]
 [258165.76186498]
 [136059.31700128]
 [194500.25987145]
 [ 55841.42099338]
 [346459.932837  ]
 [ 58794.38762274]
 [114324.63181057]
 [ 90743.68384752]
 [250820.9547959 ]] [[361105.88033611]
 [361768.87449297]
 [121179.107128  ]
 [349840.00828686]
 [367257.93902764]
 [349249.1265523 ]
 [ 85929.54991074]
 [335850.36852653]
 [ 88987.81979753]
 [270524.12985892]
 [376270.30096333]
 [114226.75351992]
 [324301.87637149]
 [282317.28396797]
 [ 62284.69479433]
 [278333.51434175]
 [168746.94661011]
 [110890.25192127]
 [121959.17236382]
 [354806.0517158 ]
 [283664.46809055]
 [147797.867357  ]
 [ 75509.0993149 ]
 [104728.63466834]
 [345364.13991042]
 [492223.38145972]
 [104180.04236629]
 [ 86496.89311463]
 [426457.30799154]
 [253824.52982022]
 [133252.34765944]
 [123229.76254989]
 [126327.75464621]
 [370108.60520683]
 [387340.30001772]
 [333708.27788041]
 [177266.61107756]
 [148139.41176955]
 [107158.02720774]
 [176602.30444835]
 [114102.22817686]
 [291623.59282179]
 [359044.52173656]
 [323365.31691967]
 [116489.00659685]
 [116917.19877227]
 [197805.53994967]
 [248764.1779817 ]]

2020-04-23 11:38:03: 错误： 
2020-04-23 11:38:03: POST /api/PCA/postFile - 19986ms
2020-04-23 11:38:03:   --> POST /api/PCA/postFile 200 20s 12b
2020-04-23 11:39:02:   <-- POST /api/PCA/postFile
2020-04-23 11:39:02: 开始上传数据...
2020-04-23 11:39:02: 开始修改日志...
2020-04-23 11:39:02: 开始处理数据...
2020-04-23 11:39:07: 输出： [240893.84411998 138128.31275303 194871.19632251  84529.37000146
  63081.56922277  93001.36085892 336024.51692422  80665.37621665
  90150.80334047  97768.23301958 136840.17948376 111038.93054348] [127383.08801483 112434.9162348  137886.48845432 329632.12436993
  75514.04387542 235490.53390753 200833.91822911 227321.09988059
 364414.94863443  80065.05768332 113112.24555291 119734.61553148
 345654.35124898 381527.26529532 343049.35711576 127731.86413358
 269430.48344555 122678.61660945 325929.07648723 258373.10722301
 435747.98696059 239411.87282836 311723.51509135  48017.10884551
 306632.46987691 331504.35133992 306551.47978412 406282.17866433
 111073.30324851 260677.48573786 349117.07183211 127023.73200917
  75676.88948846 367450.10766281 232676.81523397 324389.90130111
 120697.74176142 258370.11311735 435477.60984329 200057.40052622
 144789.8623261  291961.24814415  93812.92036753 325587.39000789
 357396.08617484 124850.35560357 351235.72164496 157398.57865004]
[[241997.73292709]
 [143003.43691845]
 [214354.81251084]
 [ 92635.05578814]
 [ 49046.69792763]
 [163896.48358922]
 [330028.26977888]
 [107238.7318983 ]
 [ 77709.31882299]
 [ 76843.40831858]
 [141560.0309283 ]
 [131687.26798913]] [[134290.75821375]
 [110888.39995389]
 [133266.24693508]
 [324301.12265029]
 [ 86577.52293203]
 [148146.06971312]
 [181069.28024423]
 [197775.47580824]
 [376271.98450946]
 [ 75581.15326528]
 [104755.46244319]
 [121967.81964819]
 [359020.61608315]
 [361772.17749419]
 [361104.71337061]
 [104175.02376108]
 [282349.72156819]
 [107152.77838155]
 [349820.48098887]
 [248767.50494624]
 [492232.90163067]
 [253796.67634102]
 [291626.61336668]
 [ 62308.19225024]
 [323238.58965793]
 [370108.55270721]
 [346894.69198297]
 [335856.44150425]
 [116892.53391301]
 [283673.47340614]
 [323341.75311352]
 [114220.47433239]
 [ 88989.36283907]
 [333699.78918381]
 [184170.61285599]
 [349241.84071211]
 [126321.06470421]
 [278356.99250697]
 [426449.62225431]
 [176603.73505523]
 [147802.45344843]
 [354812.99075224]
 [114116.46224592]
 [387375.37468677]
 [345365.99866914]
 [177249.07199313]
 [298798.11115321]
 [121171.30982287]]

2020-04-23 11:39:07: 错误： 
2020-04-23 11:39:07: POST /api/PCA/postFile - 5200ms
2020-04-23 11:39:07:   --> POST /api/PCA/postFile 200 5,207ms 12b
2020-04-23 11:39:48:   <-- POST /api/PCA/postFile
2020-04-23 11:39:48: 开始上传数据...
2020-04-23 11:39:48:   xxx POST /api/PCA/postFile 500 40ms -
2020-04-23 11:40:59:   <-- POST /api/PCA/postFile
2020-04-23 11:40:59: 开始上传数据...
2020-04-23 11:40:59: 开始修改日志...
2020-04-23 11:40:59: 开始处理数据...
2020-04-23 11:41:04: 输出： [149682.76680797 364962.4680154   64006.73457803 346489.45840128
 411794.29633789 335512.18534201 141446.14659733 470570.74495138
  93713.26478957 106940.48615286 289248.71735219 233644.69564593] [ 61270.89452798 124765.26031748 452416.05569469 127693.64139315
 164371.2004974  192513.85206333 103178.5876502  315861.87883074
 267064.02584316  53186.43370103  98363.3593469  354362.75184036
 390644.62401626 233673.65037522 129228.25564669  82146.87047227
 119256.70710344  77069.81166854  59498.25650968 322145.34348786
  81586.7333873  111719.60895466 317400.86246642 137509.77272952
 173739.07597456 237816.31203516 279714.02136531 367460.03316756
 201838.11874721 314922.29374824 340273.30143368  88897.30156009
 111012.61589377 258436.53789106 237073.49460701 364447.0271606
  96415.80613019 323087.49376269  66823.07435629 354199.52486988
 120040.89328079 301452.34633508 135713.58697001 245452.7154712
  80352.37569923 248606.79048668 341896.35940738 331058.46112209]
[[173824.97999413]
 [358694.70130449]
 [ 26283.54485559]
 [300893.21580531]
 [429643.15621202]
 [334865.08737464]
 [155880.99611035]
 [490939.53567238]
 [ 90355.05652068]
 [112251.2394949 ]
 [277112.37427006]
 [212562.84832859]] [[ 66125.80052468]
 [134294.41257646]
 [492249.25490608]
 [104171.69951785]
 [121179.45149716]
 [176624.42204825]
 [121975.59007959]
 [324318.83614833]
 [248794.26057652]
 [ 62289.24790414]
 [114117.04668608]
 [361108.27194046]
 [335830.47651993]
 [184145.59740672]
 [177246.16005355]
 [ 86482.54899314]
 [107138.19845238]
 [ 75521.00533445]
 [ 75590.04630356]
 [291636.95595503]
 [ 85939.03491818]
 [104754.87489536]
 [349209.6865801 ]
 [133246.27461255]
 [168764.22516482]
 [270488.84110382]
 [283665.21679129]
 [333722.28880404]
 [181052.85964846]
 [323237.52901576]
 [376287.38230797]
 [ 72830.74744053]
 [116492.51556645]
 [282364.06030988]
 [253801.10539436]
 [298805.7844922 ]
 [110887.1524044 ]
 [359023.790792  ]
 [ 66512.69821026]
 [345323.76440226]
 [126306.97495889]
 [346889.35165343]
 [114227.19702206]
 [148141.03799539]
 [ 69149.56011741]
 [278337.40368215]
 [367231.27995624]
 [370109.07833541]]

2020-04-23 11:41:04: 错误： 
2020-04-23 11:41:05: POST /api/PCA/postFile - 5820ms
2020-04-23 11:41:05:   --> POST /api/PCA/postFile 200 5,828ms 23b
2020-04-23 11:43:06:   <-- GET /api/blog/list?isadmin=1
2020-04-23 11:43:06: is admin
2020-04-23 11:43:08: GET /api/blog/list?isadmin=1 - 1697ms
2020-04-23 11:43:14:   <-- GET /api/blog/detail?id=22
2020-04-23 11:43:14: GET /api/blog/detail?id=22 - 131ms
2020-04-23 11:43:14:   --> GET /api/blog/detail?id=22 200 133ms 2.29kb
2020-04-23 11:43:16:   <-- GET /api/blog/titleList?catelog=%E5%85%B6%E5%AE%83%E7%AC%94%E8%AE%B0
2020-04-23 11:43:16: GET /api/blog/titleList?catelog=%E5%85%B6%E5%AE%83%E7%AC%94%E8%AE%B0 - 35ms
2020-04-23 11:43:16:   --> GET /api/blog/titleList?catelog=%E5%85%B6%E5%AE%83%E7%AC%94%E8%AE%B0 200 39ms 84b
2020-04-23 11:43:41:   <-- GET /api/blog/titleList?catelog=HTML
2020-04-23 11:43:41: GET /api/blog/titleList?catelog=HTML - 5ms
2020-04-23 11:43:41:   --> GET /api/blog/titleList?catelog=HTML 200 7ms 444b
2020-04-23 11:43:41:   <-- GET /api/blog/titleList?catelog=HTML
2020-04-23 11:43:41: GET /api/blog/titleList?catelog=HTML - 2ms
2020-04-23 11:43:41:   --> GET /api/blog/titleList?catelog=HTML 200 4ms 444b
2020-04-23 11:43:44:   <-- GET /api/blog/detail?id=14
2020-04-23 11:43:44: GET /api/blog/detail?id=14 - 4ms
2020-04-23 11:43:44:   --> GET /api/blog/detail?id=14 200 10ms 8.41kb
2020-04-23 11:43:44:   <-- GET /api/blog/titleList?catelog=HTML
2020-04-23 11:43:44: GET /api/blog/titleList?catelog=HTML - 3ms
2020-04-23 11:43:44:   --> GET /api/blog/titleList?catelog=HTML 200 10ms 444b
2020-04-23 11:43:48:   <-- POST /api/PCA/postFile
2020-04-23 11:43:48: 开始上传数据...
2020-04-23 11:43:48: 开始修改日志...
2020-04-23 11:43:48: 开始处理数据...
2020-04-23 11:43:53: 输出： [204363.76027048 336572.75924381 473235.3724342  339089.58945547
 103631.81239354 231566.92268247 262876.00665536 124174.43176695
  73238.97589269 198748.87188018  75109.08959798 383245.33920729] [366913.06268471 304789.26950599 112816.02597303 308632.79712556
 132053.36408691 105586.68018162 331771.4152976  110595.21884269
 108647.53709111  64208.14482178  85540.35026442 375330.88983138
 132936.56541846  53922.32172613  84620.35276982 340648.03781793
 340779.78868797 246356.91902662 332294.00282367 352807.03910813
 247651.80443436 318197.98564362 454911.48736938  73762.57186767
 303350.68215428 167727.43056808 348786.93504053 111447.80545477
 119617.72993822 390411.58774956 247848.13073965  76630.07254962
 276950.66962297 343530.16070604 146274.99996636 109184.74948527
  84431.78089008 226224.73178223 131788.73917016  87836.60397281
 138610.93562508 276614.96627127 111321.78225621 120544.13041227
 253090.81148615  61904.87272816 233455.71953022 367662.83949948]
[[181515.23557223]
 [322956.66611244]
 [493776.69299159]
 [365015.53269594]
 [ 95794.43246844]
 [218608.63223397]
 [258385.6028206 ]
 [102320.92422778]
 [ 77270.02306709]
 [190595.9649658 ]
 [ 77753.48916305]
 [366502.09972093]] [[345362.76739063]
 [354816.31251926]
 [114110.73963738]
 [349236.22845359]
 [123223.32703122]
 [116493.04832084]
 [324312.12131795]
 [110885.66077402]
 [116899.22060108]
 [ 66528.17016463]
 [ 85913.03243616]
 [323357.80828959]
 [114229.43190073]
 [ 62289.54785197]
 [ 86486.68381451]
 [359029.77553214]
 [367249.90894628]
 [278344.04706736]
 [370109.52835612]
 [333696.98058711]
 [270498.39452516]
 [291624.2381853 ]
 [492234.95526192]
 [ 88998.08623747]
 [323244.14054794]
 [168761.57197648]
 [349815.33955872]
 [104763.5113766 ]
 [126317.64792947]
 [335848.18455557]
 [248765.5565452 ]
 [ 72837.54734606]
 [282346.58368206]
 [361103.39844596]
 [121166.63373358]
 [107148.62251805]
 [ 69146.55718621]
 [184167.84333147]
 [147803.43074622]
 [ 86571.84580628]
 [133268.61751845]
 [283674.52766027]
 [104174.20864086]
 [134298.75209209]
 [148148.85731542]
 [ 66120.4371903 ]
 [253799.46183864]
 [361781.70725568]]

2020-04-23 11:43:53: 错误： 
2020-04-23 11:43:53: POST /api/PCA/postFile - 5357ms
2020-04-23 11:43:53:   --> POST /api/PCA/postFile 200 5,359ms 23b
2020-04-23 11:48:05:   <-- POST /api/PCA/postFile
2020-04-23 11:48:05: 开始上传数据...
2020-04-23 11:48:05: 开始修改日志...
2020-04-23 11:48:05: 开始处理数据...
2020-04-23 11:48:25: 输出： [388915.50250511 252401.337146   345995.19856573 307437.81535064
 414489.10869724 115841.62557637 109080.01717959 350867.96103667
 333952.20238736 126049.88300205  46466.9759742  120011.52249578] [130171.32699348  64575.03521593 117619.18994285 295526.17662472
 272660.50824382 106508.15144563 364981.04953816 239197.58674799
 303120.63761281 126581.75678885 292710.69591765 239636.36900509
  90488.20648696 115177.5752688  105582.09775027 124675.46718445
 262634.07737824 237433.4027794  138128.12893916 351433.56144786
 355287.99410873 206930.85561799 350085.1098933  261475.13260155
  89179.10752212  61188.33786008 357277.72802513 424320.19463517
 329620.7461287  126551.9894662  115932.32001484  80714.01014833
  65246.81121827  64925.14597602 352136.55740066 135675.29599213
 373190.51661939  98278.68201604 173720.29311692 332402.47221861
 241371.69956533 351302.05421432  66411.12579801 337491.54312165
 296159.29607601 154221.7408388  135994.14129063 208809.09720297]
[[398282.20604741]
 [233759.12918775]
 [347322.15132738]
 [322088.76897459]
 [407500.50369454]
 [109991.6218551 ]
 [109428.66213598]
 [332268.79039311]
 [334246.5759897 ]
 [126536.87721219]
 [ 55728.19296737]
 [119643.32983497]] [[133283.61974388]
 [ 66133.60169921]
 [121966.18280256]
 [354816.1795449 ]
 [248769.69581074]
 [114108.52695855]
 [333706.48752506]
 [253800.94360262]
 [323183.0592929 ]
 [134291.76072991]
 [346887.29535998]
 [184143.49044864]
 [ 85889.86382945]
 [116902.25168395]
 [110867.03134887]
 [126326.34494833]
 [282366.18986132]
 [197815.79720066]
 [147819.45125735]
 [323335.15672698]
 [345358.56374189]
 [176605.50633819]
 [376271.07075299]
 [270496.36570551]
 [ 69168.66320605]
 [ 62322.93438413]
 [298790.23303408]
 [426451.21628829]
 [349846.65550845]
 [177245.67355649]
 [104766.08105183]
 [ 72819.31011735]
 [ 75602.07533638]
 [ 75490.99915806]
 [361106.31920088]
 [123235.18283572]
 [361786.44382429]
 [ 86487.4647893 ]
 [168761.27021693]
 [324322.39521451]
 [278357.80037788]
 [387391.20994991]
 [ 86547.3142296 ]
 [359025.91057568]
 [283651.15998998]
 [121151.76433928]
 [114234.31183467]
 [181019.17406587]]

2020-04-23 11:48:25: 错误： 
2020-04-23 11:48:25: POST /api/PCA/postFile - 19395ms
2020-04-23 11:48:25:   --> POST /api/PCA/postFile 200 19s 23b
2020-04-23 11:48:56:   <-- POST /api/PCA/postFile
2020-04-23 11:48:56: 开始上传数据...
2020-04-23 11:48:56: 开始修改日志...
2020-04-23 11:48:56: 开始处理数据...
2020-04-23 11:49:00: 输出： [377938.18222059  96063.66811663 318730.09093497  85693.46643881
 116321.35936648 358985.14615667 121124.40098757  52539.32265661
 103181.1263905  122556.30621912 401644.76134047  63115.67399845] [126556.0970344  240528.62362316 242127.6541797  120747.20820106
 355618.15383476 261820.77121978 179427.59925116 356809.46668225
 233267.3663354  438450.38453874 174858.50594166 350809.04115834
 337582.09070978 108008.39360546  99039.21332727 341429.15498743
 326159.86270288 316301.43973124 307794.26998774 185042.48479277
 292731.59475156 353306.02969791 238127.87702733 352753.7597085
 116527.23467989 235782.57527817 115418.95049277 446173.05523059
  72008.61759518 130671.36144584  64870.54509063  68697.71996096
 294737.51232058 270022.21647951  68225.97370329 332294.35836446
 115122.89608896 243177.89188168  95456.92087127 308466.23661909
 190970.12378843 110628.06630325  95934.34753287  85417.42688981
 358617.52152106  84389.54726625 399809.24471813 107076.61284704]
[[399981.936473  ]
 [113406.3651812 ]
 [334282.80368183]
 [ 82937.50259994]
 [133830.67048381]
 [363827.01822844]
 [124869.78250809]
 [ 34499.90544248]
 [ 82278.46982192]
 [ 80208.84197776]
 [425101.58903608]
 [ 52342.47779246]] [[133270.53535191]
 [148166.37511398]
 [253797.70046295]
 [134309.39663064]
 [298793.53515205]
 [282321.00100906]
 [168773.74655966]
 [387370.84451623]
 [197771.06300267]
 [492227.1591265 ]
 [121168.33329442]
 [367249.76522333]
 [370112.62888826]
 [107144.75545721]
 [110886.65787537]
 [359050.59587227]
 [291608.73716449]
 [349219.46074583]
 [346894.81575276]
 [176617.58552097]
 [354843.26901662]
 [376257.293772  ]
 [278351.7361413 ]
 [323327.28957758]
 [104198.83939953]
 [184138.04788541]
 [116480.08479046]
 [426462.87457475]
 [ 88992.85316853]
 [126320.19950394]
 [ 75590.19690013]
 [ 75510.34871477]
 [283667.14070098]
 [248773.66985747]
 [ 66523.26961019]
 [349830.12519072]
 [121970.74529817]
 [270495.14578229]
 [ 69148.78171202]
 [323219.46478861]
 [181060.38232262]
 [123234.32691881]
 [116890.07170059]
 [ 85910.71360446]
 [345383.24735812]
 [ 86484.48388793]
 [335857.40427709]
 [114097.30082438]]

2020-04-23 11:49:00: 错误： 
2020-04-23 11:49:00: POST /api/PCA/postFile - 4450ms
2020-04-23 11:49:00:   --> POST /api/PCA/postFile 200 4,451ms 23b
2020-04-23 11:49:08:   <-- GET /api/PCA/getFile?f=plsr_test&id=1
2020-04-23 11:49:08: 名字： ./py/plsr_test.xlsx
2020-04-23 11:49:08: GET /api/PCA/getFile?f=plsr_test&id=1 - 9ms
2020-04-23 11:49:08:   -x- GET /api/PCA/getFile?f=plsr_test&id=1 200 72ms 4.84kb
2020-04-23 11:50:35:   <-- POST /api/PCA/postFile
2020-04-23 11:50:35: 开始上传数据...
2020-04-23 11:50:35: 开始修改日志...
2020-04-23 11:50:35: 开始处理数据...
2020-04-23 11:50:40: 输出： [ 91136.89148618 335185.88003547 113443.39763409 231204.7788835
  98285.09746997 287783.27569629  82215.35749992 337931.436938
 234253.7615118  139831.84400785 109564.46789486 281897.84880679] [203417.30286907 121821.90718939 350722.09737107 348541.47883487
 389448.52075782 317742.3593152  345140.95650733  68253.93486011
  53315.86655413 151097.81338952 170689.26368072 351850.59940699
 250142.20863551 101367.72947818 213906.24426399 119071.1456794
 127962.39957314  62929.66363148 344225.71822839  80824.62762016
  86620.68078786 430111.05244555 315865.32753154 115759.67500798
 122810.9668596  306923.5878685  280408.32859253 331596.50684016
  78442.10457497 324206.68179245 126983.97174312 267772.3912556
  62181.75693911 253204.0515518  345632.0741909   70076.7764675
 349889.2766238  247559.84050185 231899.23716345 391478.14513333
  91983.32427548 361144.54190177 306980.62362864 445597.4800295
 125358.73127711 141684.12997624 125343.01978776  98963.87740543]
[[ 79408.47452891]
 [322349.75972969]
 [102698.72937182]
 [230582.03160133]
 [ 79867.66229072]
 [304079.0584589 ]
 [114553.20256112]
 [357672.05204409]
 [248332.26310615]
 [150252.86546072]
 [ 92249.38829703]
 [278043.07716377]] [[176627.13767797]
 [126295.11120044]
 [345404.82691603]
 [323350.90524504]
 [361783.45992204]
 [349247.74988049]
 [361092.39741401]
 [ 75565.91766482]
 [ 62307.10734146]
 [121186.76193337]
 [168756.06546115]
 [367259.14855779]
 [148129.01069365]
 [104735.42341185]
 [181097.20888386]
 [133265.96357821]
 [104176.43583367]
 [ 86576.34421141]
 [387367.25976135]
 [ 72854.08400996]
 [ 89019.80273976]
 [492224.11601678]
 [359026.42683913]
 [116488.57781002]
 [114241.86866846]
 [323235.82665905]
 [283682.84416499]
 [324271.85889051]
 [ 75500.89756631]
 [349842.78328525]
 [107176.34745526]
 [282348.26664147]
 [ 66108.69048931]
 [270476.41896284]
 [298783.10685556]
 [ 66553.91666937]
 [370124.01714565]
 [278357.92320897]
 [197763.09184182]
 [335852.92584884]
 [ 85880.06400846]
 [333689.581956  ]
 [346871.39924444]
 [426456.37134955]
 [177239.54824021]
 [147768.16440358]
 [121983.21904046]
 [110886.62439931]]

2020-04-23 11:50:40: 错误： 
2020-04-23 11:50:40: POST /api/PCA/postFile - 4898ms
2020-04-23 11:50:40:   --> POST /api/PCA/postFile 200 4,899ms 23b
2020-04-23 11:50:45:   <-- GET /api/PCA/getFile?f=pca_test&id=1
2020-04-23 11:50:45: 名字： ./py/pca_test.xlsx
2020-04-23 11:50:45: GET /api/PCA/getFile?f=pca_test&id=1 - 2ms
2020-04-23 11:50:45:   -x- GET /api/PCA/getFile?f=pca_test&id=1 200 6ms 4.84kb
2020-04-29 21:10:51:   <-- GET /api/blog/detail?id=14
2020-04-29 21:10:54: GET /api/blog/detail?id=14 - 2550ms
2020-04-29 21:10:54:   --> GET /api/blog/detail?id=14 200 2,981ms 8.41kb
2020-04-29 21:10:54:   <-- GET /api/blog/titleList?catelog=HTML
2020-04-29 21:10:55: GET /api/blog/titleList?catelog=HTML - 561ms
2020-04-29 21:10:55:   --> GET /api/blog/titleList?catelog=HTML 200 613ms 444b
2020-04-29 21:13:22:   <-- POST /api/user/login
2020-04-29 21:13:22: 'd4f795c63f94933cced4701da532492b'
2020-04-29 21:13:22: sql is: 
    select username,realname from users where username='Tomoyo' and password='d4f795c63f94933cced4701da532492b';
2020-04-29 21:14:00:   <-- POST /api/user/login
2020-04-29 21:14:00: 'd4f795c63f94933cced4701da532492b'
2020-04-29 21:14:00: sql is: 
    select username,realname from users where username='Tomoyo' and password='d4f795c63f94933cced4701da532492b';
2020-04-29 21:14:25:   <-- POST /api/user/login
2020-04-29 21:14:25: 'd4f795c63f94933cced4701da532492b'
2020-04-29 21:14:25: sql is: 
    select username,realname from users where username='Tomoyo' and password='d4f795c63f94933cced4701da532492b';
2020-05-01 11:34:21:   <-- GET /api/blog/titleList?catelog=%E6%97%A5%E8%AF%AD
2020-05-01 11:34:22: GET /api/blog/titleList?catelog=%E6%97%A5%E8%AF%AD - 176ms
2020-05-01 11:34:22:   --> GET /api/blog/titleList?catelog=%E6%97%A5%E8%AF%AD 200 236ms 361b
2020-05-01 11:34:22:   <-- GET /api/blog/titleList?catelog=%E6%97%A5%E8%AF%AD
2020-05-01 11:34:22: GET /api/blog/titleList?catelog=%E6%97%A5%E8%AF%AD - 1ms
2020-05-01 11:34:22:   --> GET /api/blog/titleList?catelog=%E6%97%A5%E8%AF%AD 200 5ms 361b
2020-05-01 11:34:26:   <-- GET /api/blog/detail?id=23
2020-05-01 11:34:26: GET /api/blog/detail?id=23 - 3ms
2020-05-01 11:34:26:   --> GET /api/blog/detail?id=23 200 6ms 7.2kb
2020-05-01 11:34:26:   <-- GET /api/blog/titleList?catelog=%E6%97%A5%E8%AF%AD
2020-05-01 11:34:26: GET /api/blog/titleList?catelog=%E6%97%A5%E8%AF%AD - 1ms
2020-05-01 11:34:26:   --> GET /api/blog/titleList?catelog=%E6%97%A5%E8%AF%AD 200 4ms 361b
2020-05-01 19:04:18:   <-- GET /api/blog/titleList?catelog=HTML
2020-05-01 19:04:19: GET /api/blog/titleList?catelog=HTML - 785ms
2020-05-01 19:04:19:   --> GET /api/blog/titleList?catelog=HTML 200 953ms 444b
2020-05-01 19:04:19:   <-- GET /api/blog/titleList?catelog=HTML
2020-05-01 19:04:19: GET /api/blog/titleList?catelog=HTML - 30ms
2020-05-01 19:04:19:   --> GET /api/blog/titleList?catelog=HTML 200 32ms 444b
2020-05-01 19:05:23:   <-- GET /api/blog/titleList?catelog=HTML
2020-05-01 19:05:23: GET /api/blog/titleList?catelog=HTML - 1ms
2020-05-01 19:05:23:   --> GET /api/blog/titleList?catelog=HTML 200 4ms 444b
2020-05-01 19:05:23:   <-- GET /api/blog/titleList?catelog=HTML
2020-05-01 19:05:23: GET /api/blog/titleList?catelog=HTML - 1ms
2020-05-01 19:05:23:   --> GET /api/blog/titleList?catelog=HTML 200 4ms 444b
2020-05-01 19:05:26:   <-- GET /api/blog/detail?id=14
2020-05-01 19:05:26: GET /api/blog/detail?id=14 - 138ms
2020-05-01 19:05:26:   --> GET /api/blog/detail?id=14 200 142ms 8.41kb
2020-05-01 19:05:26:   <-- GET /api/blog/titleList?catelog=HTML
2020-05-01 19:05:26: GET /api/blog/titleList?catelog=HTML - 1ms
2020-05-01 19:05:26:   --> GET /api/blog/titleList?catelog=HTML 200 3ms 444b
2020-05-01 19:05:43:   <-- GET /api/blog/detail?id=14
2020-05-01 19:05:43: GET /api/blog/detail?id=14 - 13ms
2020-05-01 19:05:43:   --> GET /api/blog/detail?id=14 200 14ms 8.41kb
2020-05-01 19:05:43:   <-- GET /api/blog/titleList?catelog=HTML
2020-05-01 19:05:43: GET /api/blog/titleList?catelog=HTML - 2ms
2020-05-01 19:05:43:   --> GET /api/blog/titleList?catelog=HTML 200 8ms 444b
2020-05-01 19:05:45:   <-- GET /api/blog/detail?id=16
2020-05-01 19:05:45: GET /api/blog/detail?id=16 - 36ms
2020-05-01 19:05:45:   --> GET /api/blog/detail?id=16 200 40ms 5.68kb
2020-05-01 19:05:45:   <-- GET /api/blog/titleList?catelog=HTML
2020-05-01 19:05:45: GET /api/blog/titleList?catelog=HTML - 3ms
2020-05-01 19:05:45:   --> GET /api/blog/titleList?catelog=HTML 200 7ms 444b
2020-05-01 19:05:48:   <-- GET /api/blog/detail?id=19
2020-05-01 19:05:48: GET /api/blog/detail?id=19 - 14ms
2020-05-01 19:05:48:   --> GET /api/blog/detail?id=19 200 15ms 5.37kb
2020-05-01 19:05:48:   <-- GET /api/blog/titleList?catelog=HTML
2020-05-01 19:05:48: GET /api/blog/titleList?catelog=HTML - 1ms
2020-05-01 19:05:48:   --> GET /api/blog/titleList?catelog=HTML 200 2ms 444b
2020-05-01 19:17:16:   <-- GET /api/blog/detail?id=19
2020-05-01 19:17:16: GET /api/blog/detail?id=19 - 3ms
2020-05-01 19:17:16:   --> GET /api/blog/detail?id=19 200 24ms 5.37kb
2020-05-01 19:17:16:   <-- GET /api/blog/titleList?catelog=HTML
2020-05-01 19:17:16: GET /api/blog/titleList?catelog=HTML - 2ms
2020-05-01 19:17:16:   --> GET /api/blog/titleList?catelog=HTML 200 4ms 444b
2020-05-01 19:17:53:   <-- GET /api/blog/detail?id=19
2020-05-01 19:17:53: GET /api/blog/detail?id=19 - 2ms
2020-05-01 19:17:53:   --> GET /api/blog/detail?id=19 200 3ms 5.37kb
2020-05-01 19:17:54:   <-- GET /api/blog/titleList?catelog=HTML
2020-05-01 19:17:54: GET /api/blog/titleList?catelog=HTML - 24ms
2020-05-01 19:17:54:   --> GET /api/blog/titleList?catelog=HTML 200 27ms 444b
2020-05-01 19:18:16:   <-- GET /api/blog/detail?id=14
2020-05-01 19:18:16: GET /api/blog/detail?id=14 - 1ms
2020-05-01 19:18:16:   --> GET /api/blog/detail?id=14 200 6ms 8.41kb
2020-05-01 19:18:16:   <-- GET /api/blog/titleList?catelog=HTML
2020-05-01 19:18:16: GET /api/blog/titleList?catelog=HTML - 1ms
2020-05-01 19:18:16:   --> GET /api/blog/titleList?catelog=HTML 200 3ms 444b
2020-05-01 19:18:32:   <-- GET /api/blog/detail?id=14
2020-05-01 19:18:32: GET /api/blog/detail?id=14 - 1ms
2020-05-01 19:18:32:   --> GET /api/blog/detail?id=14 200 5ms 8.41kb
2020-05-01 19:18:32:   <-- GET /api/blog/titleList?catelog=HTML
2020-05-01 19:18:32: GET /api/blog/titleList?catelog=HTML - 3ms
2020-05-01 19:18:32:   --> GET /api/blog/titleList?catelog=HTML 200 12ms 444b
2020-05-07 18:03:29:   <-- GET /api/blog/titleList?catelog=HTML
2020-05-07 18:03:29: Tomoyo:GET /api/blog/titleList?catelog=HTML - 13ms
2020-05-07 18:03:29:   --> GET /api/blog/titleList?catelog=HTML 200 29ms 438b
2020-05-07 18:03:29:   <-- GET /api/blog/titleList?catelog=HTML
2020-05-07 18:03:29: Tomoyo:GET /api/blog/titleList?catelog=HTML - 3ms
2020-05-07 18:03:29:   --> GET /api/blog/titleList?catelog=HTML 200 5ms 438b
2020-05-07 18:03:33:   <-- GET /api/blog/detail?id=6
2020-05-07 18:03:33: Tomoyo:GET /api/blog/detail?id=6 - 2ms
2020-05-07 18:03:33:   --> GET /api/blog/detail?id=6 200 3ms 10.39kb
2020-05-07 18:03:33:   <-- GET /api/blog/titleList?catelog=HTML
2020-05-07 18:03:33: Tomoyo:GET /api/blog/titleList?catelog=HTML - 2ms
2020-05-07 18:03:33:   --> GET /api/blog/titleList?catelog=HTML 200 4ms 438b
2020-05-08 00:41:36:   <-- GET /api/blog/titleList?catelog=HTML
2020-05-08 00:41:36: Tomoyo:GET /api/blog/titleList?catelog=HTML - 218ms
2020-05-08 00:41:36:   --> GET /api/blog/titleList?catelog=HTML 200 228ms 438b
2020-05-08 00:41:36:   <-- GET /api/blog/titleList?catelog=HTML
2020-05-08 00:41:36: Tomoyo:GET /api/blog/titleList?catelog=HTML - 1ms
2020-05-08 00:41:36:   --> GET /api/blog/titleList?catelog=HTML 200 3ms 438b
2020-05-08 00:41:41:   <-- GET /api/blog/titleList?catelog=%E5%85%B6%E5%AE%83%E7%AC%94%E8%AE%B0
2020-05-08 00:41:41: Tomoyo:GET /api/blog/titleList?catelog=%E5%85%B6%E5%AE%83%E7%AC%94%E8%AE%B0 - 3ms
2020-05-08 00:41:41:   --> GET /api/blog/titleList?catelog=%E5%85%B6%E5%AE%83%E7%AC%94%E8%AE%B0 200 5ms 659b
2020-05-08 00:41:41:   <-- GET /api/blog/titleList?catelog=%E5%85%B6%E5%AE%83%E7%AC%94%E8%AE%B0
2020-05-08 00:41:41: Tomoyo:GET /api/blog/titleList?catelog=%E5%85%B6%E5%AE%83%E7%AC%94%E8%AE%B0 - 1ms
2020-05-08 00:41:41:   --> GET /api/blog/titleList?catelog=%E5%85%B6%E5%AE%83%E7%AC%94%E8%AE%B0 200 3ms 659b
2020-05-08 00:41:42:   <-- GET /api/blog/detail?id=14
2020-05-08 00:41:42: Tomoyo:GET /api/blog/detail?id=14 - 7ms
2020-05-08 00:41:42:   --> GET /api/blog/detail?id=14 200 9ms 15.46kb
2020-05-08 00:41:43:   <-- GET /api/blog/titleList?catelog=%E5%85%B6%E5%AE%83%E7%AC%94%E8%AE%B0
2020-05-08 00:41:43: Tomoyo:GET /api/blog/titleList?catelog=%E5%85%B6%E5%AE%83%E7%AC%94%E8%AE%B0 - 3ms
2020-05-08 00:41:43:   --> GET /api/blog/titleList?catelog=%E5%85%B6%E5%AE%83%E7%AC%94%E8%AE%B0 200 5ms 659b
